This is pdfTeX, Version 3.14159265-2.6-1.40.16 (TeX Live 2015) (preloaded format=pdflatex 2015.10.6)  4 MAY 2017 01:06
entering extended mode
 restricted \write18 enabled.
 %&-line parsing enabled.
**paper.tex
(./paper.tex
LaTeX2e <2015/01/01>
Babel <3.9l> and hyphenation patterns for 21 languages loaded.
(./mnras.cls
Document Class: mnras 2015/05/22\ v3.0\ LaTeX2e MNRAS document class
MNRAS document style v3.0, released 2015/05/22

Package mnras Warning: Unknown option `a4paper' on input line 113.

(/usr/local/texlive/2015basic/texmf-dist/tex/latex/geometry/geometry.sty
Package: geometry 2010/09/12 v5.6 Page Geometry

(/usr/local/texlive/2015basic/texmf-dist/tex/latex/graphics/keyval.sty
Package: keyval 2014/10/28 v1.15 key=value parser (DPC)
\KV@toks@=\toks14
)
(/usr/local/texlive/2015basic/texmf-dist/tex/generic/oberdiek/ifpdf.sty
Package: ifpdf 2011/01/30 v2.3 Provides the ifpdf switch (HO)
Package ifpdf Info: pdfTeX in PDF mode is detected.
)
(/usr/local/texlive/2015basic/texmf-dist/tex/generic/oberdiek/ifvtex.sty
Package: ifvtex 2010/03/01 v1.5 Detect VTeX and its facilities (HO)
Package ifvtex Info: VTeX not detected.
)
(/usr/local/texlive/2015basic/texmf-dist/tex/generic/ifxetex/ifxetex.sty
Package: ifxetex 2010/09/12 v0.6 Provides ifxetex conditional
)
\Gm@cnth=\count79
\Gm@cntv=\count80
\c@Gm@tempcnt=\count81
\Gm@bindingoffset=\dimen102
\Gm@wd@mp=\dimen103
\Gm@odd@mp=\dimen104
\Gm@even@mp=\dimen105
\Gm@layoutwidth=\dimen106
\Gm@layoutheight=\dimen107
\Gm@layouthoffset=\dimen108
\Gm@layoutvoffset=\dimen109
\Gm@dimlist=\toks15
)
(/usr/local/texlive/2015basic/texmf-dist/tex/latex/base/fixltx2e.sty
Package: fixltx2e 2015/02/21 v2.0a fixes to LaTeX (obsolete)


Package fixltx2e Warning: fixltx2e is not required with releases after 2015
(fixltx2e)                All fixes are now in the LaTeX kernel.
(fixltx2e)                See the latexrelease package for details.

) (/usr/local/texlive/2015basic/texmf-dist/tex/latex/hyperref/hyperref.sty
Package: hyperref 2012/11/06 v6.83m Hypertext links for LaTeX

(/usr/local/texlive/2015basic/texmf-dist/tex/generic/oberdiek/hobsub-hyperref.s
ty
Package: hobsub-hyperref 2012/05/28 v1.13 Bundle oberdiek, subset hyperref (HO)


(/usr/local/texlive/2015basic/texmf-dist/tex/generic/oberdiek/hobsub-generic.st
y
Package: hobsub-generic 2012/05/28 v1.13 Bundle oberdiek, subset generic (HO)
Package: hobsub 2012/05/28 v1.13 Construct package bundles (HO)
Package: infwarerr 2010/04/08 v1.3 Providing info/warning/error messages (HO)
Package: ltxcmds 2011/11/09 v1.22 LaTeX kernel commands for general use (HO)
Package: ifluatex 2010/03/01 v1.3 Provides the ifluatex switch (HO)
Package ifluatex Info: LuaTeX not detected.
Package hobsub Info: Skipping package `ifvtex' (already loaded).
Package: intcalc 2007/09/27 v1.1 Expandable calculations with integers (HO)
Package hobsub Info: Skipping package `ifpdf' (already loaded).
Package: etexcmds 2011/02/16 v1.5 Avoid name clashes with e-TeX commands (HO)
Package etexcmds Info: Could not find \expanded.
(etexcmds)             That can mean that you are not using pdfTeX 1.50 or
(etexcmds)             that some package has redefined \expanded.
(etexcmds)             In the latter case, load this package earlier.
Package: kvsetkeys 2012/04/25 v1.16 Key value parser (HO)
Package: kvdefinekeys 2011/04/07 v1.3 Define keys (HO)
Package: pdftexcmds 2011/11/29 v0.20 Utility functions of pdfTeX for LuaTeX (HO
)
Package pdftexcmds Info: LuaTeX not detected.
Package pdftexcmds Info: \pdf@primitive is available.
Package pdftexcmds Info: \pdf@ifprimitive is available.
Package pdftexcmds Info: \pdfdraftmode found.
Package: pdfescape 2011/11/25 v1.13 Implements pdfTeX's escape features (HO)
Package: bigintcalc 2012/04/08 v1.3 Expandable calculations on big integers (HO
)
Package: bitset 2011/01/30 v1.1 Handle bit-vector datatype (HO)
Package: uniquecounter 2011/01/30 v1.2 Provide unlimited unique counter (HO)
)
Package hobsub Info: Skipping package `hobsub' (already loaded).
Package: letltxmacro 2010/09/02 v1.4 Let assignment for LaTeX macros (HO)
Package: hopatch 2012/05/28 v1.2 Wrapper for package hooks (HO)
Package: xcolor-patch 2011/01/30 xcolor patch
Package: atveryend 2011/06/30 v1.8 Hooks at the very end of document (HO)
Package atveryend Info: \enddocument detected (standard20110627).
Package: atbegshi 2011/10/05 v1.16 At begin shipout hook (HO)
Package: refcount 2011/10/16 v3.4 Data extraction from label references (HO)
Package: hycolor 2011/01/30 v1.7 Color options for hyperref/bookmark (HO)
) (/usr/local/texlive/2015basic/texmf-dist/tex/latex/oberdiek/auxhook.sty
Package: auxhook 2011/03/04 v1.3 Hooks for auxiliary files (HO)
)
(/usr/local/texlive/2015basic/texmf-dist/tex/latex/oberdiek/kvoptions.sty
Package: kvoptions 2011/06/30 v3.11 Key value format for package options (HO)
)
\@linkdim=\dimen110
\Hy@linkcounter=\count82
\Hy@pagecounter=\count83

(/usr/local/texlive/2015basic/texmf-dist/tex/latex/hyperref/pd1enc.def
File: pd1enc.def 2012/11/06 v6.83m Hyperref: PDFDocEncoding definition (HO)
)
\Hy@SavedSpaceFactor=\count84

(/usr/local/texlive/2015basic/texmf-dist/tex/latex/latexconfig/hyperref.cfg
File: hyperref.cfg 2002/06/06 v1.2 hyperref configuration of TeXLive
)
Package hyperref Info: Hyper figures OFF on input line 4443.
Package hyperref Info: Link nesting OFF on input line 4448.
Package hyperref Info: Hyper index ON on input line 4451.
Package hyperref Info: Plain pages OFF on input line 4458.
Package hyperref Info: Backreferencing OFF on input line 4463.
Package hyperref Info: Implicit mode ON; LaTeX internals redefined.
Package hyperref Info: Bookmarks ON on input line 4688.
\c@Hy@tempcnt=\count85

(/usr/local/texlive/2015basic/texmf-dist/tex/latex/url/url.sty
\Urlmuskip=\muskip10
Package: url 2013/09/16  ver 3.4  Verb mode for urls, etc.
)
LaTeX Info: Redefining \url on input line 5041.
\XeTeXLinkMargin=\dimen111
\Fld@menulength=\count86
\Field@Width=\dimen112
\Fld@charsize=\dimen113
Package hyperref Info: Hyper figures OFF on input line 6295.
Package hyperref Info: Link nesting OFF on input line 6300.
Package hyperref Info: Hyper index ON on input line 6303.
Package hyperref Info: backreferencing OFF on input line 6310.
Package hyperref Info: Link coloring OFF on input line 6315.
Package hyperref Info: Link coloring with OCG OFF on input line 6320.
Package hyperref Info: PDF/A mode OFF on input line 6325.
LaTeX Info: Redefining \ref on input line 6365.
LaTeX Info: Redefining \pageref on input line 6369.


Package hyperref Warning: Option `pdfpagelabels' is turned off
(hyperref)                because \thepage is undefined.

\c@Item=\count87
\c@Hfootnote=\count88
)

Package hyperref Message: Driver (autodetected): hpdftex.

(/usr/local/texlive/2015basic/texmf-dist/tex/latex/hyperref/hpdftex.def
File: hpdftex.def 2012/11/06 v6.83m Hyperref driver for pdfTeX
\Fld@listcount=\count89
\c@bookmark@seq@number=\count90

(/usr/local/texlive/2015basic/texmf-dist/tex/latex/oberdiek/rerunfilecheck.sty
Package: rerunfilecheck 2011/04/15 v1.7 Rerun checks for auxiliary files (HO)
Package uniquecounter Info: New unique counter `rerunfilecheck' on input line 2
82.
)
\Hy@SectionHShift=\skip41
)
Package hyperref Info: Option `colorlinks' set `true' on input line 123.
\math@groups=\toks16
LaTeX Font Info:    Overwriting symbol font `symbols' in version `bold'
(Font)                  OMS/cmsy/b/n --> OMS/cmsy/b/n on input line 276.
\symbmisymbols=\mathgroup4
\SFB@measure=\dimen114
\realparindent=\skip42
\c@part=\count91
\c@section=\count92
\c@subsection=\count93
\c@subsubsection=\count94
\c@paragraph=\count95
\c@subparagraph=\count96
\@indentskip=\skip43
\smallindent=\skip44
\@footindent=\skip45
\@leftskip=\skip46
 (/Users/duncan/Library/texmf/tex/latex/aastex52/natbib.sty
Package: natbib 2003/06/06 7.1 (PWD)
\bibhang=\skip47
\bibsep=\skip48
LaTeX Info: Redefining \cite on input line 518.
\c@NAT@ctr=\count97
)
\c@table=\count98
\c@figure=\count99
)
(/usr/local/texlive/2015basic/texmf-dist/tex/latex/base/fontenc.sty
Package: fontenc 2005/09/27 v1.99g Standard LaTeX package

(/usr/local/texlive/2015basic/texmf-dist/tex/latex/base/t1enc.def
File: t1enc.def 2005/09/27 v1.99g Standard LaTeX file
LaTeX Font Info:    Redeclaring font encoding T1 on input line 48.
))
(/usr/local/texlive/2015basic/texmf-dist/tex/latex/ae/ae.sty
Package: ae 2001/02/12 1.3 Almost European Computer Modern

(/usr/local/texlive/2015basic/texmf-dist/tex/latex/base/fontenc.sty
Package: fontenc 2005/09/27 v1.99g Standard LaTeX package

(/usr/local/texlive/2015basic/texmf-dist/tex/latex/base/t1enc.def
File: t1enc.def 2005/09/27 v1.99g Standard LaTeX file
LaTeX Font Info:    Redeclaring font encoding T1 on input line 48.
)
LaTeX Font Info:    Try loading font information for T1+aer on input line 105.

(/usr/local/texlive/2015basic/texmf-dist/tex/latex/ae/t1aer.fd
File: t1aer.fd 1997/11/16 Font definitions for T1/aer.
)))
(/usr/local/texlive/2015basic/texmf-dist/tex/latex/ae/aecompl.sty
Package: aecompl 1998/07/23 0.9 T1 Complements for AE fonts (D. Roegel)
)
(/usr/local/texlive/2015basic/texmf-dist/tex/latex/graphics/graphicx.sty
Package: graphicx 2014/10/28 v1.0g Enhanced LaTeX Graphics (DPC,SPQR)

(/usr/local/texlive/2015basic/texmf-dist/tex/latex/graphics/graphics.sty
Package: graphics 2014/10/28 v1.0p Standard LaTeX Graphics (DPC,SPQR)

(/usr/local/texlive/2015basic/texmf-dist/tex/latex/graphics/trig.sty
Package: trig 1999/03/16 v1.09 sin cos tan (DPC)
)
(/usr/local/texlive/2015basic/texmf-dist/tex/latex/latexconfig/graphics.cfg
File: graphics.cfg 2010/04/23 v1.9 graphics configuration of TeX Live
)
Package graphics Info: Driver file: pdftex.def on input line 94.

(/usr/local/texlive/2015basic/texmf-dist/tex/latex/pdftex-def/pdftex.def
File: pdftex.def 2011/05/27 v0.06d Graphics/color for pdfTeX
\Gread@gobject=\count100
))
\Gin@req@height=\dimen115
\Gin@req@width=\dimen116
)
(/usr/local/texlive/2015basic/texmf-dist/tex/latex/amsmath/amsmath.sty
Package: amsmath 2013/01/14 v2.14 AMS math features
\@mathmargin=\skip49

For additional information on amsmath, use the `?' option.
(/usr/local/texlive/2015basic/texmf-dist/tex/latex/amsmath/amstext.sty
Package: amstext 2000/06/29 v2.01

(/usr/local/texlive/2015basic/texmf-dist/tex/latex/amsmath/amsgen.sty
File: amsgen.sty 1999/11/30 v2.0
\@emptytoks=\toks17
\ex@=\dimen117
))
(/usr/local/texlive/2015basic/texmf-dist/tex/latex/amsmath/amsbsy.sty
Package: amsbsy 1999/11/29 v1.2d
\pmbraise@=\dimen118
)
(/usr/local/texlive/2015basic/texmf-dist/tex/latex/amsmath/amsopn.sty
Package: amsopn 1999/12/14 v2.01 operator names
)
\inf@bad=\count101
LaTeX Info: Redefining \frac on input line 210.
\uproot@=\count102
\leftroot@=\count103
LaTeX Info: Redefining \overline on input line 306.
\classnum@=\count104
\DOTSCASE@=\count105
LaTeX Info: Redefining \ldots on input line 378.
LaTeX Info: Redefining \dots on input line 381.
LaTeX Info: Redefining \cdots on input line 466.
\Mathstrutbox@=\box26
\strutbox@=\box27
\big@size=\dimen119
LaTeX Font Info:    Redeclaring font encoding OML on input line 566.
LaTeX Font Info:    Redeclaring font encoding OMS on input line 567.
\macc@depth=\count106
\c@MaxMatrixCols=\count107
\dotsspace@=\muskip11
\c@parentequation=\count108
\dspbrk@lvl=\count109
\tag@help=\toks18
\row@=\count110
\column@=\count111
\maxfields@=\count112
\andhelp@=\toks19
\eqnshift@=\dimen120
\alignsep@=\dimen121
\tagshift@=\dimen122
\tagwidth@=\dimen123
\totwidth@=\dimen124
\lineht@=\dimen125
\@envbody=\toks20
\multlinegap=\skip50
\multlinetaggap=\skip51
\mathdisplay@stack=\toks21
LaTeX Info: Redefining \[ on input line 2665.
LaTeX Info: Redefining \] on input line 2666.
)
(/usr/local/texlive/2015basic/texmf-dist/tex/latex/amsfonts/amssymb.sty
Package: amssymb 2013/01/14 v3.01 AMS font symbols

(/usr/local/texlive/2015basic/texmf-dist/tex/latex/amsfonts/amsfonts.sty
Package: amsfonts 2013/01/14 v3.01 Basic AMSFonts support
\symAMSa=\mathgroup5
\symAMSb=\mathgroup6
LaTeX Font Info:    Overwriting math alphabet `\mathfrak' in version `bold'
(Font)                  U/euf/m/n --> U/euf/b/n on input line 106.
))
(/usr/local/texlive/2015basic/texmf-dist/tex/latex/graphics/epsfig.sty
Package: epsfig 1999/02/16 v1.7a (e)psfig emulation (SPQR)
\epsfxsize=\dimen126
\epsfysize=\dimen127
)
Package hyperref Info: Option `draft' set `true' on input line 27.

(/usr/local/texlive/2015basic/texmf-dist/tex/latex/lineno/lineno.sty
Package: lineno 2005/11/02 line numbers on paragraphs v4.41
\linenopenalty=\count113
\output=\toks22
\linenoprevgraf=\count114
\linenumbersep=\dimen128
\linenumberwidth=\dimen129
\c@linenumber=\count115
\c@pagewiselinenumber=\count116
\c@LN@truepage=\count117
\c@internallinenumber=\count118
\c@internallinenumbers=\count119
\quotelinenumbersep=\dimen130
\bframerule=\dimen131
\bframesep=\dimen132
\bframebox=\box28
LaTeX Info: Redefining \\ on input line 3056.
)
(./astrobib_mnras2e.sty
Using Astrobib Style bibliography v2.1: Jan 4, 1994
) (./macros_dc.sty
\hssize=\dimen133
\hdsize=\dimen134
) (./paper.aux)
\openout1 = `paper.aux'.

LaTeX Font Info:    Checking defaults for OML/cmm/m/it on input line 73.
LaTeX Font Info:    ... okay on input line 73.
LaTeX Font Info:    Checking defaults for T1/cmr/m/n on input line 73.
LaTeX Font Info:    ... okay on input line 73.
LaTeX Font Info:    Checking defaults for OT1/cmr/m/n on input line 73.
LaTeX Font Info:    ... okay on input line 73.
LaTeX Font Info:    Checking defaults for OMS/cmsy/m/n on input line 73.
LaTeX Font Info:    ... okay on input line 73.
LaTeX Font Info:    Checking defaults for OMX/cmex/m/n on input line 73.
LaTeX Font Info:    ... okay on input line 73.
LaTeX Font Info:    Checking defaults for U/cmr/m/n on input line 73.
LaTeX Font Info:    ... okay on input line 73.
LaTeX Font Info:    Checking defaults for PD1/pdf/m/n on input line 73.
LaTeX Font Info:    ... okay on input line 73.

*geometry* driver: auto-detecting
*geometry* detected driver: pdftex
*geometry* verbose mode - [ preamble ] result:
* driver: pdftex
* paper: a4paper
* layout: <same size as paper>
* layoutoffset:(h,v)=(0.0pt,0.0pt)
* modes: twoside 
* h-part:(L,W,R)=(71.70166pt, 418.25368pt, 107.55254pt)
* v-part:(T,H,B)=(101.40665pt, 591.5302pt, 152.11pt)
* \paperwidth=597.50787pt
* \paperheight=845.04684pt
* \textwidth=504.0pt
* \textheight=682.0pt
* \oddsidemargin=-30.0pt
* \evensidemargin=-30.0pt
* \topmargin=0.0pt
* \headheight=14.0pt
* \headsep=15.0pt
* \topskip=9.0pt
* \footskip=22.0pt
* \marginparwidth=48.0pt
* \marginparsep=6.0pt
* \columnsep=24.0pt
* \skip\footins=19.5pt plus 12.0pt minus 1.0pt
* \hoffset=0.0pt
* \voffset=0.0pt
* \mag=1000
* \@twocolumntrue
* \@twosidetrue
* \@mparswitchtrue
* \@reversemarginfalse
* (1in=72.27pt=25.4mm, 1cm=28.453pt)

\AtBeginShipoutBox=\box29

Package hyperref Warning: Draft mode on.

(/usr/local/texlive/2015basic/texmf-dist/tex/latex/graphics/color.sty
Package: color 2014/10/28 v1.1a Standard LaTeX Color (DPC)

(/usr/local/texlive/2015basic/texmf-dist/tex/latex/latexconfig/color.cfg
File: color.cfg 2007/01/18 v1.5 color configuration of teTeX/TeXLive
)
Package color Info: Driver file: pdftex.def on input line 142.
)
Package hyperref Info: Link coloring ON on input line 73.

(/usr/local/texlive/2015basic/texmf-dist/tex/latex/hyperref/nameref.sty
Package: nameref 2012/10/27 v2.43 Cross-referencing by name of section

(/usr/local/texlive/2015basic/texmf-dist/tex/generic/oberdiek/gettitlestring.st
y
Package: gettitlestring 2010/12/03 v1.4 Cleanup title references (HO)
)
\c@section@level=\count120
)
LaTeX Info: Redefining \ref on input line 73.
LaTeX Info: Redefining \pageref on input line 73.
LaTeX Info: Redefining \nameref on input line 73.
 (/usr/local/texlive/2015basic/texmf-dist/tex/context/base/supp-pdf.mkii
[Loading MPS to PDF converter (version 2006.09.02).]
\scratchcounter=\count121
\scratchdimen=\dimen135
\scratchbox=\box30
\nofMPsegments=\count122
\nofMParguments=\count123
\everyMPshowfont=\toks23
\MPscratchCnt=\count124
\MPscratchDim=\dimen136
\MPnumerator=\count125
\makeMPintoPDFobject=\count126
\everyMPtoPDFconversion=\toks24
) (/usr/local/texlive/2015basic/texmf-dist/tex/latex/oberdiek/epstopdf-base.sty
Package: epstopdf-base 2010/02/09 v2.5 Base part for package epstopdf
(/usr/local/texlive/2015basic/texmf-dist/tex/latex/oberdiek/grfext.sty
Package: grfext 2010/08/19 v1.1 Manage graphics extensions (HO)
)
Package grfext Info: Graphics extension search list:
(grfext)             [.png,.pdf,.jpg,.mps,.jpeg,.jbig2,.jb2,.PNG,.PDF,.JPG,.JPE
G,.JBIG2,.JB2,.eps]
(grfext)             \AppendGraphicsExtensions on input line 452.

(/usr/local/texlive/2015basic/texmf-dist/tex/latex/latexconfig/epstopdf-sys.cfg
File: epstopdf-sys.cfg 2010/07/13 v1.3 Configuration of (r)epstopdf for TeX Liv
e
))
LaTeX Font Info:    Try loading font information for U+msa on input line 76.
 (/usr/local/texlive/2015basic/texmf-dist/tex/latex/amsfonts/umsa.fd
File: umsa.fd 2013/01/14 v3.01 AMS symbols A
)
LaTeX Font Info:    Try loading font information for U+msb on input line 76.

(/usr/local/texlive/2015basic/texmf-dist/tex/latex/amsfonts/umsb.fd
File: umsb.fd 2013/01/14 v3.01 AMS symbols B
)
Overfull \hbox (4.6944pt too wide) in paragraph at lines 76--76
[][]  
 []

LaTeX Font Info:    Try loading font information for T1+aess on input line 86.
(/usr/local/texlive/2015basic/texmf-dist/tex/latex/ae/t1aess.fd
File: t1aess.fd 1997/11/16 Font definitions for T1/aess.
)
LaTeX Font Info:    Try loading font information for OMS+aer on input line 93.

(/usr/local/texlive/2015basic/texmf-dist/tex/latex/ae/omsaer.fd
File: omsaer.fd 1999/12/27
)
LaTeX Font Info:    Font shape `OMS/aer/m/n' in size <8> not available
(Font)              Font shape `OMS/cmsy/m/n' tried instead on input line 93.
 [1{/usr/local/texlive/2015basic/texmf-var/fonts/map/pdftex/updmap/pdftex.map}


]
<figures/venn_diagram.pdf, id=22, 238.49101pt x 238.49101pt>
File: figures/venn_diagram.pdf Graphic file (type pdf)

<use figures/venn_diagram.pdf>
Package pdftex.def Info: figures/venn_diagram.pdf used on input line 97.
(pdftex.def)             Requested size: 238.49042pt x 238.49042pt.

Underfull \hbox (badness 10000) in paragraph at lines 97--98
[][]
 []

LaTeX Font Info:    Try loading font information for T1+aett on input line 102.

(/usr/local/texlive/2015basic/texmf-dist/tex/latex/ae/t1aett.fd
File: t1aett.fd 1997/11/16 Font definitions for T1/aett.
)
Underfull \vbox (badness 3746) has occurred while \output is active []

 [2 <./figures/venn_diagram.pdf>]
Overfull \hbox (4.17462pt too wide) in paragraph at lines 151--151
[]\T1/aer/m/n/8 name| 
 []


Overfull \hbox (0.6226pt too wide) in paragraph at lines 156--156
[]\T1/aer/m/n/8 M13| 
 []


Overfull \hbox (0.85973pt too wide) in paragraph at lines 148--161
[][] 
 []

[3] <figures/stellar_mass_function.pdf, id=68, 238.49101pt x 289.08pt>
File: figures/stellar_mass_function.pdf Graphic file (type pdf)

<use figures/stellar_mass_function.pdf>
Package pdftex.def Info: figures/stellar_mass_function.pdf used on input line 3
30.
(pdftex.def)             Requested size: 238.49042pt x 289.07928pt.

Underfull \hbox (badness 10000) in paragraph at lines 330--331
[][]
 []

[4] <figures/wp_comparison.pdf, id=73, 502.27649pt x 198.7425pt>
File: figures/wp_comparison.pdf Graphic file (type pdf)

<use figures/wp_comparison.pdf>
Package pdftex.def Info: figures/wp_comparison.pdf used on input line 348.
(pdftex.def)             Requested size: 502.27527pt x 198.742pt.
 [5 <./figures/stellar_mass_function.pdf>]
[6 <./figures/wp_comparison.pdf>]
<figures/f_sat_mstar.pdf, id=165, 238.49101pt x 238.49101pt>
File: figures/f_sat_mstar.pdf Graphic file (type pdf)

<use figures/f_sat_mstar.pdf>
Package pdftex.def Info: figures/f_sat_mstar.pdf used on input line 423.
(pdftex.def)             Requested size: 238.49042pt x 238.49042pt.

Underfull \hbox (badness 10000) in paragraph at lines 423--424
[][]
 []

<figures/mpeak_vs_vpeak.pdf, id=166, 238.49101pt x 238.49101pt>
File: figures/mpeak_vs_vpeak.pdf Graphic file (type pdf)

<use figures/mpeak_vs_vpeak.pdf>
Package pdftex.def Info: figures/mpeak_vs_vpeak.pdf used on input line 429.
(pdftex.def)             Requested size: 238.49042pt x 238.49042pt.

Underfull \hbox (badness 10000) in paragraph at lines 429--430
[][]
 []

[7 <./figures/f_sat_mstar.pdf> <./figures/mpeak_vs_vpeak.pdf

pdfTeX warning: /Library/TeX/texbin/pdflatex (file ./figures/mpeak_vs_vpeak.pdf
): PDF inclusion: multiple pdfs with page group included in a single page
>] <figures/SMHM_comparison.pdf, id=226, 238.49101pt x 542.025pt>
File: figures/SMHM_comparison.pdf Graphic file (type pdf)

<use figures/SMHM_comparison.pdf>
Package pdftex.def Info: figures/SMHM_comparison.pdf used on input line 468.
(pdftex.def)             Requested size: 238.49042pt x 542.02367pt.

Underfull \hbox (badness 10000) in paragraph at lines 468--469
[][]
 []


LaTeX Warning: Float too large for page by 12.02367pt on input line 471.

[8 <./figures/SMHM_comparison.pdf>]
<figures/mstar_of_z_rm.pdf, id=256, 238.49101pt x 238.49101pt>
File: figures/mstar_of_z_rm.pdf Graphic file (type pdf)

<use figures/mstar_of_z_rm.pdf>
Package pdftex.def Info: figures/mstar_of_z_rm.pdf used on input line 487.
(pdftex.def)             Requested size: 238.49042pt x 238.49042pt.

Underfull \hbox (badness 10000) in paragraph at lines 487--488
[][]
 []

<figures/stellar_mass_zform.pdf, id=257, 238.49101pt x 549.25201pt>
File: figures/stellar_mass_zform.pdf Graphic file (type pdf)

<use figures/stellar_mass_zform.pdf>
Package pdftex.def Info: figures/stellar_mass_zform.pdf used on input line 493.

(pdftex.def)             Requested size: 238.49042pt x 549.25067pt.

Underfull \hbox (badness 10000) in paragraph at lines 493--494
[][]
 []


<figures/stellar_mass_function_evolution.pdf, id=258, 502.27649pt x 198.7425pt>
File: figures/stellar_mass_function_evolution.pdf Graphic file (type pdf)
<use figures/stellar_mass_function_evolution.pdf>
Package pdftex.def Info: figures/stellar_mass_function_evolution.pdf used on in
put line 505.
(pdftex.def)             Requested size: 502.27527pt x 198.742pt.
 [9 <./figures/mstar_of_z_rm.pdf>]
Underfull \vbox (badness 10000) has occurred while \output is active []



Package natbib Warning: Citation `Diemer:2017gj' on page 10 undefined on input 
line 532.

[10 <./figures/stellar_mass_zform.pdf>]
<figures/sub_fraction_and_completeness.pdf, id=305, 238.49101pt x 411.939pt>
File: figures/sub_fraction_and_completeness.pdf Graphic file (type pdf)

<use figures/sub_fraction_and_completeness.pdf>
Package pdftex.def Info: figures/sub_fraction_and_completeness.pdf used on inpu
t line 541.
(pdftex.def)             Requested size: 238.49042pt x 411.93797pt.

Underfull \hbox (badness 10000) in paragraph at lines 541--542
[][]
 []

<figures/wp_comparison_w_orphans.pdf, id=306, 502.27649pt x 198.7425pt>
File: figures/wp_comparison_w_orphans.pdf Graphic file (type pdf)

<use figures/wp_comparison_w_orphans.pdf>
Package pdftex.def Info: figures/wp_comparison_w_orphans.pdf used on input line
 547.
(pdftex.def)             Requested size: 502.27527pt x 198.742pt.

<figures/wp_comparison_clone_profile_2.pdf, id=307, 238.49101pt x 238.49101pt>
File: figures/wp_comparison_clone_profile_2.pdf Graphic file (type pdf)

<use figures/wp_comparison_clone_profile_2.pdf>
Package pdftex.def Info: figures/wp_comparison_clone_profile_2.pdf used on inpu
t line 553.
(pdftex.def)             Requested size: 238.49042pt x 238.49042pt.

Underfull \hbox (badness 10000) in paragraph at lines 553--554
[][]
 []

[11 <./figures/stellar_mass_function_evolution.pdf>]
Underfull \hbox (badness 6332) in paragraph at lines 587--591
\T1/aer/m/n/9 We find a good fit with $\OML/cmm/m/it/9 f[] \OT1/cmr/m/n/9 = 0\O
ML/cmm/m/it/9 :\OT1/cmr/m/n/9 105 \OMS/cmsy/m/n/9 ^^F \OT1/cmr/m/n/9 0\OML/cmm/
m/it/9 :\OT1/cmr/m/n/9 006$\T1/aer/m/n/9 ,
 []

[12 <./figures/sub_fraction_and_completeness.pdf>]
Underfull \vbox (badness 10000) has occurred while \output is active []


<figures/sat_growth_model.pdf, id=361, 238.49101pt x 238.49101pt>
File: figures/sat_growth_model.pdf Graphic file (type pdf)

<use figures/sat_growth_model.pdf>
Package pdftex.def Info: figures/sat_growth_model.pdf used on input line 627.
(pdftex.def)             Requested size: 238.49042pt x 238.49042pt.

Underfull \hbox (badness 10000) in paragraph at lines 627--628
[][]
 []

<figures/wp_sat_growth_comparison.pdf, id=362, 502.27649pt x 198.7425pt>
File: figures/wp_sat_growth_comparison.pdf Graphic file (type pdf)

<use figures/wp_sat_growth_comparison.pdf>
Package pdftex.def Info: figures/wp_sat_growth_comparison.pdf used on input lin
e 633.
(pdftex.def)             Requested size: 502.27527pt x 198.742pt.
 [13 <./figures/wp_comparison_w_orphans.pdf>] [14 <./figures/wp_comparison_clon
e_profile_2.pdf> <./figures/sat_growth_model.pdf

pdfTeX warning: /Library/TeX/texbin/pdflatex (file ./figures/sat_growth_model.p
df): PDF inclusion: multiple pdfs with page group included in a single page
>] <figures/scatter_model.pdf, id=462, 238.49101pt x 238.49101pt>
File: figures/scatter_model.pdf Graphic file (type pdf)

<use figures/scatter_model.pdf>
Package pdftex.def Info: figures/scatter_model.pdf used on input line 664.
(pdftex.def)             Requested size: 238.49042pt x 238.49042pt.

Underfull \hbox (badness 10000) in paragraph at lines 664--665
[][]
 []

<figures/smhm_assem_bias.pdf, id=463, 238.49101pt x 238.49101pt>
File: figures/smhm_assem_bias.pdf Graphic file (type pdf)

<use figures/smhm_assem_bias.pdf>
Package pdftex.def Info: figures/smhm_assem_bias.pdf used on input line 670.
(pdftex.def)             Requested size: 238.49042pt x 238.49042pt.

Underfull \hbox (badness 10000) in paragraph at lines 670--671
[][]
 []

<figures/wp_comparison_assem_bias.pdf, id=464, 502.27649pt x 198.7425pt>
File: figures/wp_comparison_assem_bias.pdf Graphic file (type pdf)

<use figures/wp_comparison_assem_bias.pdf>
Package pdftex.def Info: figures/wp_comparison_assem_bias.pdf used on input lin
e 676.
(pdftex.def)             Requested size: 502.27527pt x 198.742pt.


LaTeX Warning: Reference `sec:rank_scatter' on page 15 undefined on input line 
688.

[15 <./figures/wp_sat_growth_comparison.pdf>] [16 <./figures/scatter_model.pdf>
 <./figures/smhm_assem_bias.pdf

pdfTeX warning: /Library/TeX/texbin/pdflatex (file ./figures/smhm_assem_bias.pd
f): PDF inclusion: multiple pdfs with page group included in a single page
>] [17 <./figures/wp_comparison_assem_bias.pdf>]

Package natbib Warning: Citation `Vogelsberger:2014gw' on page 18 undefined on 
input line 786.


Underfull \vbox (badness 10000) has occurred while \output is active []


Underfull \vbox (badness 10000) has occurred while \output is active []

 [18]
(./paper.bbl [19]) <figures/growth_hist.pdf, id=598, 502.27649pt x 224.037pt>
File: figures/growth_hist.pdf Graphic file (type pdf)

<use figures/growth_hist.pdf>
Package pdftex.def Info: figures/growth_hist.pdf used on input line 813.
(pdftex.def)             Requested size: 502.27527pt x 224.03644pt.
 [20]
Underfull \vbox (badness 10000) has occurred while \output is active []

 [21 <./figures/growth_hist.pdf>]
<figures/wp_comparison_zacc_prime_2.pdf, id=640, 238.49101pt x 238.49101pt>
File: figures/wp_comparison_zacc_prime_2.pdf Graphic file (type pdf)

<use figures/wp_comparison_zacc_prime_2.pdf>
Package pdftex.def Info: figures/wp_comparison_zacc_prime_2.pdf used on input l
ine 906.
(pdftex.def)             Requested size: 238.49042pt x 238.49042pt.

Underfull \hbox (badness 10000) in paragraph at lines 906--907
[][]
 []

<figures/mstar_fconv.pdf, id=641, 238.49101pt x 238.49101pt>
File: figures/mstar_fconv.pdf Graphic file (type pdf)

<use figures/mstar_fconv.pdf>
Package pdftex.def Info: figures/mstar_fconv.pdf used on input line 945.
(pdftex.def)             Requested size: 238.49042pt x 238.49042pt.

Underfull \hbox (badness 10000) in paragraph at lines 945--946
[][]
 []


Underfull \vbox (badness 1406) has occurred while \output is active []

 [22 <./figures/wp_comparison_zacc_prime_2.pdf> <./figures/mstar_fconv.pdf

pdfTeX warning: /Library/TeX/texbin/pdflatex (file ./figures/mstar_fconv.pdf): 
PDF inclusion: multiple pdfs with page group included in a single page
>] <figures/subhalo_positions.pdf, id=684, 238.49101pt x 433.62pt>
File: figures/subhalo_positions.pdf Graphic file (type pdf)

<use figures/subhalo_positions.pdf>
Package pdftex.def Info: figures/subhalo_positions.pdf used on input line 968.
(pdftex.def)             Requested size: 238.49042pt x 433.61894pt.

Underfull \hbox (badness 10000) in paragraph at lines 968--969
[][]
 []


Underfull \hbox (badness 1107) in paragraph at lines 969--969
[]\T1/aer/bx/n/8 Figure C1. []\T1/aer/m/n/8 The pro-jected dis-tri-bu-tion of s
ub-haloes with
 []


Underfull \vbox (badness 10000) has occurred while \output is active []

 [23 <./figures/subhalo_positions.pdf>]
<figures/rho_sigma.pdf, id=727, 238.49101pt x 238.49101pt>
File: figures/rho_sigma.pdf Graphic file (type pdf)

<use figures/rho_sigma.pdf>
Package pdftex.def Info: figures/rho_sigma.pdf used on input line 1044.
(pdftex.def)             Requested size: 238.49042pt x 238.49042pt.

Underfull \hbox (badness 10000) in paragraph at lines 1044--1045
[][]
 []


Package natbib Warning: There were undefined citations.

Package atveryend Info: Empty hook `BeforeClearDocument' on input line 1056.

Underfull \vbox (badness 10000) has occurred while \output is active []

 [24 <./figures/rho_sigma.pdf>]
Package atveryend Info: Empty hook `AfterLastShipout' on input line 1056.
 (./paper.aux)
Package atveryend Info: Empty hook `AtVeryEndDocument' on input line 1056.
Package atveryend Info: Empty hook `AtEndAfterFileList' on input line 1056.


LaTeX Warning: There were undefined references.

Package atveryend Info: Empty hook `AtVeryVeryEnd' on input line 1056.
 ) 
Here is how much of TeX's memory you used:
 8033 strings out of 494501
 112901 string characters out of 6167030
 251294 words of memory out of 5000000
 11120 multiletter control sequences out of 15000+600000
 55522 words of font info for 121 fonts, out of 8000000 for 9000
 319 hyphenation exceptions out of 8191
 36i,17n,34p,1736b,627s stack positions out of 5000i,500n,10000p,200000b,80000s
</usr/local/texlive/2015basic/texmf-dist/fonts/type1/public/amsfonts/cm/cmbx1
0.pfb></usr/local/texlive/2015basic/texmf-dist/fonts/type1/public/amsfonts/cm/c
mbx12.pfb></usr/local/texlive/2015basic/texmf-dist/fonts/type1/public/amsfonts/
cm/cmbx8.pfb></usr/local/texlive/2015basic/texmf-dist/fonts/type1/public/amsfon
ts/cm/cmbx9.pfb></usr/local/texlive/2015basic/texmf-dist/fonts/type1/public/ams
fonts/cm/cmex10.pfb></usr/local/texlive/2015basic/texmf-dist/fonts/type1/public
/amsfonts/cmextra/cmex7.pfb></usr/local/texlive/2015basic/texmf-dist/fonts/type
1/public/amsfonts/cmextra/cmex8.pfb></usr/local/texlive/2015basic/texmf-dist/fo
nts/type1/public/amsfonts/cmextra/cmex9.pfb></usr/local/texlive/2015basic/texmf
-dist/fonts/type1/public/amsfonts/cm/cmmi10.pfb></usr/local/texlive/2015basic/t
exmf-dist/fonts/type1/public/amsfonts/cm/cmmi12.pfb></usr/local/texlive/2015bas
ic/texmf-dist/fonts/type1/public/amsfonts/cm/cmmi5.pfb></usr/local/texlive/2015
basic/texmf-dist/fonts/type1/public/amsfonts/cm/cmmi6.pfb></usr/local/texlive/2
015basic/texmf-dist/fonts/type1/public/amsfonts/cm/cmmi7.pfb></usr/local/texliv
e/2015basic/texmf-dist/fonts/type1/public/amsfonts/cm/cmmi8.pfb></usr/local/tex
live/2015basic/texmf-dist/fonts/type1/public/amsfonts/cm/cmmi9.pfb></usr/local/
texlive/2015basic/texmf-dist/fonts/type1/public/amsfonts/cm/cmr10.pfb></usr/loc
al/texlive/2015basic/texmf-dist/fonts/type1/public/amsfonts/cm/cmr12.pfb></usr/
local/texlive/2015basic/texmf-dist/fonts/type1/public/amsfonts/cm/cmr5.pfb></us
r/local/texlive/2015basic/texmf-dist/fonts/type1/public/amsfonts/cm/cmr6.pfb></
usr/local/texlive/2015basic/texmf-dist/fonts/type1/public/amsfonts/cm/cmr7.pfb>
</usr/local/texlive/2015basic/texmf-dist/fonts/type1/public/amsfonts/cm/cmr8.pf
b></usr/local/texlive/2015basic/texmf-dist/fonts/type1/public/amsfonts/cm/cmr9.
pfb></usr/local/texlive/2015basic/texmf-dist/fonts/type1/public/amsfonts/cm/cms
s8.pfb></usr/local/texlive/2015basic/texmf-dist/fonts/type1/public/amsfonts/cm/
cmsy10.pfb></usr/local/texlive/2015basic/texmf-dist/fonts/type1/public/amsfonts
/cm/cmsy5.pfb></usr/local/texlive/2015basic/texmf-dist/fonts/type1/public/amsfo
nts/cm/cmsy6.pfb></usr/local/texlive/2015basic/texmf-dist/fonts/type1/public/am
sfonts/cm/cmsy7.pfb></usr/local/texlive/2015basic/texmf-dist/fonts/type1/public
/amsfonts/cm/cmsy8.pfb></usr/local/texlive/2015basic/texmf-dist/fonts/type1/pub
lic/amsfonts/cm/cmsy9.pfb></usr/local/texlive/2015basic/texmf-dist/fonts/type1/
public/amsfonts/cm/cmti12.pfb></usr/local/texlive/2015basic/texmf-dist/fonts/ty
pe1/public/amsfonts/cm/cmti8.pfb></usr/local/texlive/2015basic/texmf-dist/fonts
/type1/public/amsfonts/cm/cmti9.pfb></usr/local/texlive/2015basic/texmf-dist/fo
nts/type1/public/amsfonts/cm/cmtt10.pfb></usr/local/texlive/2015basic/texmf-dis
t/fonts/type1/public/amsfonts/cm/cmtt8.pfb></usr/local/texlive/2015basic/texmf-
dist/fonts/type1/public/amsfonts/cm/cmtt9.pfb></usr/local/texlive/2015basic/tex
mf-dist/fonts/type1/public/amsfonts/symbols/msam10.pfb>
Output written on paper.pdf (24 pages, 10302751 bytes).
PDF statistics:
 841 PDF objects out of 1000 (max. 8388607)
 655 compressed objects within 7 object streams
 0 named destinations out of 1000 (max. 500000)
 111 words of extra memory for PDF output out of 10000 (max. 10000000)

